**********************
* MERGE PROGRESS LOG *
**********************
[13:50:31] [INFO]: Starting merge for Project: C:\Users\Luiz Otavio\Desktop\LP_V18\IM\HMI\I\0\Context.wrk
[13:50:31] [INFO]: Setting up Full Project Merge...
[13:50:31] [WARNING]: Open optional file failed: C:\Users\Luiz Otavio\Desktop\LP_V18\IM\HMI\I\0\Context.wrk\system\runtime.rdf
[13:50:31] [WARNING]: Open optional file failed: C:\Users\Luiz Otavio\Desktop\LP_V18\IM\HMI\I\0\Context.wrk\system\persistent.rdf
[13:50:31] [WARNING]: Open optional file failed: C:\Users\Luiz Otavio\Desktop\LP_V18\IM\HMI\I\0\Context.wrk\deltas\117\runtime.rdf
[13:50:31] [WARNING]: Open optional file failed: C:\Users\Luiz Otavio\Desktop\LP_V18\IM\HMI\I\0\Context.wrk\deltas\117\persistent.rdf
[13:50:31] [INFO]: Number of Jobs to execute: 38
[13:50:31] [INFO]: Starting Job number 1: MOVE RESOURCES JOB
[13:50:31] [INFO]: The job was executed succesfully.
[13:50:31] [INFO]: Starting Job number 2: MERGE JOB
[13:50:31] [INFO]: The job was executed succesfully.
[13:50:31] [INFO]: Starting Job number 3: JOIN JOB
[13:50:31] [INFO]: The job was executed succesfully.
[13:50:31] [INFO]: Starting Job number 4: MERGE JOB
[13:50:31] [INFO]: The job was executed succesfully.
[13:50:31] [INFO]: Starting Job number 5: MERGE JOB
[13:50:31] [INFO]: The job was executed succesfully.
[13:50:31] [INFO]: Starting Job number 6: JOIN JOB
[13:50:31] [INFO]: The job was executed succesfully.
[13:50:31] [INFO]: Starting Job number 7: MERGE JOB
[13:50:31] [INFO]: The job was executed succesfully.
[13:50:31] [INFO]: Starting Job number 8: MERGE JOB
[13:50:31] [INFO]: The job was executed succesfully.
[13:50:31] [INFO]: Starting Job number 9: JOIN JOB
[13:50:31] [INFO]: The job was executed succesfully.
[13:50:31] [INFO]: Starting Job number 10: MERGE JOB
[13:50:31] [INFO]: The job was executed succesfully.
[13:50:31] [INFO]: Starting Job number 11: MERGE JOB
[13:50:31] [INFO]: The job was executed succesfully.
[13:50:31] [INFO]: Starting Job number 12: JOIN JOB
[13:50:31] [INFO]: The job was executed succesfully.
[13:50:31] [INFO]: Starting Job number 13: MERGE JOB
[13:50:31] [INFO]: The job was executed succesfully.
[13:50:31] [INFO]: Starting Job number 14: JOIN JOB
[13:50:31] [INFO]: The job was executed succesfully.
[13:50:31] [INFO]: Starting Job number 15: MERGE JOB
[13:50:31] [INFO]: The job was executed succesfully.
[13:50:31] [INFO]: Starting Job number 16: MERGE JOB
[13:50:31] [INFO]: The job was executed succesfully.
[13:50:31] [INFO]: Starting Job number 17: JOIN JOB
[13:50:31] [INFO]: The job was executed succesfully.
[13:50:31] [INFO]: Starting Job number 18: MERGE JOB
[13:50:31] [INFO]: The job was executed succesfully.
[13:50:31] [INFO]: Starting Job number 19: JOIN JOB
[13:50:31] [INFO]: The job was executed succesfully.
[13:50:31] [INFO]: Starting Job number 20: FINALIZE JOB
[13:50:31] [INFO]: The job was executed succesfully.
[13:50:31] [INFO]: Starting Job number 21: DELETE JOB
[13:50:31] [INFO]: The job was executed succesfully.
[13:50:31] [INFO]: Starting Job number 22: DELETE JOB
[13:50:31] [INFO]: The job was executed succesfully.
[13:50:31] [INFO]: Starting Job number 23: FINALIZE JOB
[13:50:31] [INFO]: The job was executed succesfully.
[13:50:31] [INFO]: Starting Job number 24: DELETE JOB
[13:50:31] [INFO]: The job was executed succesfully.
[13:50:31] [INFO]: Starting Job number 25: DELETE JOB
[13:50:31] [INFO]: The job was executed succesfully.
[13:50:31] [INFO]: Starting Job number 26: FINALIZE JOB
[13:50:31] [INFO]: The job was executed succesfully.
[13:50:31] [INFO]: Starting Job number 27: DELETE JOB
[13:50:31] [INFO]: The job was executed succesfully.
[13:50:31] [INFO]: Starting Job number 28: DELETE JOB
[13:50:31] [INFO]: The job was executed succesfully.
[13:50:31] [INFO]: Starting Job number 29: FINALIZE JOB
[13:50:31] [INFO]: The job was executed succesfully.
[13:50:31] [INFO]: Starting Job number 30: DELETE JOB
[13:50:31] [INFO]: The job was executed succesfully.
[13:50:31] [INFO]: Starting Job number 31: DELETE JOB
[13:50:31] [INFO]: The job was executed succesfully.
[13:50:31] [INFO]: Starting Job number 32: FINALIZE JOB
[13:50:31] [INFO]: The job was executed succesfully.
[13:50:31] [INFO]: Starting Job number 33: DELETE JOB
[13:50:31] [INFO]: The job was executed succesfully.
[13:50:31] [INFO]: Starting Job number 34: DELETE JOB
[13:50:31] [INFO]: The job was executed succesfully.
[13:50:31] [INFO]: Starting Job number 35: FINALIZE JOB
[13:50:31] [INFO]: The job was executed succesfully.
[13:50:31] [INFO]: Starting Job number 36: DELETE JOB
[13:50:31] [INFO]: The job was executed succesfully.
[13:50:31] [INFO]: Starting Job number 37: FINALIZE JOB
[13:50:31] [INFO]: The job was executed succesfully.
[13:50:31] [INFO]: Starting Job number 38: DELETE JOB
[13:50:31] [INFO]: The job was executed succesfully.
[13:50:31] [INFO]: DONE! Merge succeeded
